<?xml version="1.0" encoding="UTF-8" standalone="no"?><testsuite errors="1" failures="0" name="Find out the U de A offical page across the Google search Eng." skipped="0" tests="1" time="1.1" timestamp="2024-05-15 06:57:47"><testcase name="Search the udea official page across the Google search Eng."><error message="The actor david does not have the ability to browse the web" type="net.serenitybdd.screenplay.exceptions.ActorCannotBrowseTheWebException">The actor david does not have the ability to browse the web</error><system-err>The actor david does not have the ability to browse the web&#13;
co.com.udea.calidad.pagos.tasks.OpenThe.performAs(OpenThe.java:18)&#13;
co.com.udea.calidad.pagos.stepdefinitions.FindOutUdeAStepDefinition.iAmInTheGooglePage(FindOutUdeAStepDefinition.java:21)&#13;
worker.org.gradle.process.internal.worker.GradleWorkerMain.run(GradleWorkerMain.java:69)&#13;
worker.org.gradle.process.internal.worker.GradleWorkerMain.main(GradleWorkerMain.java:74)&#13;
</system-err></testcase></testsuite>